<?xml version="1.0" encoding="UTF-8"?>
<!-- Generated by org.testng.reporters.JUnitReportReporter -->
<testsuite hostname="DESKTOP-JJCDIKB" failures="1" tests="11" name="testCases.CheckOutCompletePageTest" time="130.372" errors="0" timestamp="2025-02-09T01:41:39 IST" skipped="0">
  <testcase classname="testCases.CheckOutCompletePageTest" name="verifyFooterTxtTest" time="16.095"/>
  <system-out>
    <![CDATA[Verify Footer Text =Â© 2025 Sauce Labs. All Rights Reserved. Terms of Service | Privacy Policy]]>
  </system-out>
  <testcase classname="testCases.CheckOutCompletePageTest" name="verifyTwitterLogo" time="12.328"/>
  <system-out>
    <![CDATA[Linked In Logo Is Display =true]]>
  </system-out>
  <testcase classname="testCases.CheckOutCompletePageTest" name="verifyUrlOfBackHomeTest" time="12.111">
    <failure message="expected [https://www.saucedemo.com/checkout-complete.html] but found [https://www.saucedemo.com/inventory.html]" type="java.lang.AssertionError">
      <![CDATA[java.lang.AssertionError: expected [https://www.saucedemo.com/checkout-complete.html] but found [https://www.saucedemo.com/inventory.html]
at org.testng.Assert.fail(Assert.java:110)
at org.testng.Assert.failNotEquals(Assert.java:1577)
at org.testng.Assert.assertEqualsImpl(Assert.java:149)
at org.testng.Assert.assertEquals(Assert.java:131)
at org.testng.Assert.assertEquals(Assert.java:655)
at org.testng.Assert.assertEquals(Assert.java:665)
at testCases.CheckOutCompletePageTest.verifyUrlOfBackHomeTest(CheckOutCompletePageTest.java:107)
at java.base/jdk.internal.reflect.NativeMethodAccessorImpl.invoke0(Native Method)
at java.base/jdk.internal.reflect.NativeMethodAccessorImpl.invoke(NativeMethodAccessorImpl.java:77)
at java.base/jdk.internal.reflect.DelegatingMethodAccessorImpl.invoke(DelegatingMethodAccessorImpl.java:43)
at java.base/java.lang.reflect.Method.invoke(Method.java:568)
at org.testng.internal.invokers.MethodInvocationHelper.invokeMethod(MethodInvocationHelper.java:139)
at org.testng.internal.invokers.TestInvoker.invokeMethod(TestInvoker.java:677)
at org.testng.internal.invokers.TestInvoker.invokeTestMethod(TestInvoker.java:221)
at org.testng.internal.invokers.MethodRunner.runInSequence(MethodRunner.java:50)
at org.testng.internal.invokers.TestInvoker$MethodInvocationAgent.invoke(TestInvoker.java:969)
at org.testng.internal.invokers.TestInvoker.invokeTestMethods(TestInvoker.java:194)
at org.testng.internal.invokers.TestMethodWorker.invokeTestMethods(TestMethodWorker.java:148)
at org.testng.internal.invokers.TestMethodWorker.run(TestMethodWorker.java:128)
at java.base/java.util.ArrayList.forEach(ArrayList.java:1511)
at org.testng.TestRunner.privateRun(TestRunner.java:829)
at org.testng.TestRunner.run(TestRunner.java:602)
at org.testng.SuiteRunner.runTest(SuiteRunner.java:437)
at org.testng.SuiteRunner.runSequentially(SuiteRunner.java:431)
at org.testng.SuiteRunner.privateRun(SuiteRunner.java:391)
at org.testng.SuiteRunner.run(SuiteRunner.java:330)
at org.testng.SuiteRunnerWorker.runSuite(SuiteRunnerWorker.java:52)
at org.testng.SuiteRunnerWorker.run(SuiteRunnerWorker.java:95)
at org.testng.TestNG.runSuitesSequentially(TestNG.java:1256)
at org.testng.TestNG.runSuitesLocally(TestNG.java:1176)
at org.testng.TestNG.runSuites(TestNG.java:1099)
at org.testng.TestNG.run(TestNG.java:1067)
at org.testng.remote.AbstractRemoteTestNG.run(AbstractRemoteTestNG.java:115)
at org.testng.remote.RemoteTestNG.initAndRun(RemoteTestNG.java:293)
at org.testng.remote.RemoteTestNG.main(RemoteTestNG.java:91)
]]>
    </failure>
  </testcase> <!-- verifyUrlOfBackHomeTest -->
  <system-out/>
  <testcase classname="testCases.CheckOutCompletePageTest" name="verifyShoppingCartTest" time="12.407"/>
  <system-out>
    <![CDATA[Shopping Cart Link =]]>
  </system-out>
  <testcase classname="testCases.CheckOutCompletePageTest" name="verifyFacebookLogoTest" time="10.881"/>
  <system-out>
    <![CDATA[Linked In Logo Is Display =true]]>
  </system-out>
  <testcase classname="testCases.CheckOutCompletePageTest" name="verifyTickMarkImgTest" time="10.446"/>
  <system-out>
    <![CDATA[Tick Mark Logo is Display =true]]>
  </system-out>
  <testcase classname="testCases.CheckOutCompletePageTest" name="verifyCompleteTextTest" time="10.894"/>
  <system-out>
    <![CDATA[Fetch Complete Text =Your order has been dispatched, and will arrive just as fast as the pony can get there!]]>
  </system-out>
  <testcase classname="testCases.CheckOutCompletePageTest" name="verifyThankYouForYourOrderTest" time="11.599"/>
  <system-out>
    <![CDATA[Thank You For Your Order =Thank you for your order!]]>
  </system-out>
  <testcase classname="testCases.CheckOutCompletePageTest" name="verifyLinkedInLogoTest" time="12.108"/>
  <system-out>
    <![CDATA[Linked In Logo Is Display =true]]>
  </system-out>
  <testcase classname="testCases.CheckOutCompletePageTest" name="verifyCheckOutCompleteTest" time="11.325"/>
  <system-out>
    <![CDATA[Checkout Complete =Checkout: Complete!]]>
  </system-out>
  <testcase classname="testCases.CheckOutCompletePageTest" name="verifyTitleOfAppTest" time="10.178"/>
  <system-out>
    <![CDATA[Title Of Application =Swag Labs]]>
  </system-out>
</testsuite> <!-- testCases.CheckOutCompletePageTest -->
